#
# A fatal error has been detected by the Java Runtime Environment:
#
#  EXCEPTION_ACCESS_VIOLATION (0xc0000005) at pc=0x00007ffdffd58e5e, pid=8944, tid=5876
#
# JRE version: Java(TM) SE Runtime Environment (13.0+33) (build 13-ea+33)
# Java VM: Java HotSpot(TM) 64-Bit Server VM (13-ea+33, mixed mode, sharing, tiered, compressed oops, g1 gc, windows-amd64)
# Problematic frame:
# V  [jvm.dll+0x2e8e5e]
#
# No core dump will be written. Minidumps are not enabled by default on client versions of Windows
#
# If you would like to submit a bug report, please visit:
#   http://bugreport.java.com/bugreport/crash.jsp
#

---------------  S U M M A R Y ------------

Command Line: -XX:TieredStopAtLevel=1 -Xverify:none -Dspring.output.ansi.enabled=always -Dcom.sun.management.jmxremote -Dspring.jmx.enabled=true -Dspring.liveBeansView.mbeanDomain -Dspring.application.admin.enabled=true -javaagent:C:\Program Files\JetBrains\IntelliJ IDEA 2019.2.3\lib\idea_rt.jar=50200:C:\Program Files\JetBrains\IntelliJ IDEA 2019.2.3\bin -Dfile.encoding=UTF-8 com.adminportal.AdminportalApplication

Host: Intel(R) Core(TM) i5-4200H CPU @ 2.80GHz, 4 cores, 7G,  Windows 10 , 64 bit Build 18362 (10.0.18362.329)
Time: Sun Oct 20 17:36:18 2019 Central European Daylight Time elapsed time: 14054 seconds (0d 3h 54m 14s)

---------------  T H R E A D  ---------------

Current thread (0x000001df3cc22800):  ConcurrentGCThread "G1 Conc#0" [stack: 0x000000506e200000,0x000000506e300000] [id=5876]

Stack: [0x000000506e200000,0x000000506e300000],  sp=0x000000506e2ff210,  free space=1020k
Native frames: (J=compiled Java code, j=interpreted, Vv=VM code, C=native code)
V  [jvm.dll+0x2e8e5e]
V  [jvm.dll+0x2e8bcf]
V  [jvm.dll+0x2e05ed]
V  [jvm.dll+0x2e01a1]
V  [jvm.dll+0x2f1939]
V  [jvm.dll+0x2f05d6]
V  [jvm.dll+0x2f1f0c]
V  [jvm.dll+0x2f0ef6]
V  [jvm.dll+0x2f4a36]
V  [jvm.dll+0x79f900]
V  [jvm.dll+0x731daa]
V  [jvm.dll+0x626266]
C  [ucrtbase.dll+0x20e72]
C  [KERNEL32.DLL+0x17bd4]
C  [ntdll.dll+0x6ced1]


siginfo: EXCEPTION_ACCESS_VIOLATION (0xc0000005), reading address 0x0000000000000160


Register to memory mapping:

RIP=0x00007ffdffd58e5e jvm.dll
RAX=0x000001df3cbf65b0 points into unknown readable memory: 00 00 00 00 00 00 00 00
RBX=0x000001df3cc236b0 points into unknown readable memory: 10 c0 2e 00 fe 7f 00 00
RCX=0x0000000000000014 is an unknown value
RDX=0x0 is NULL
RSP=0x000000506e2ff210 points into unknown readable memory: e3 ee 5d 64 3b 87 d5 01
RBP=0x000001df3cc10580 points into unknown readable memory: 00 10 c2 3c df 01 00 00
RSI=0x0000000800309a80 is pointing into metadata
RDI=
[error occurred during error reporting (printing register info), id 0xc0000005, EXCEPTION_ACCESS_VIOLATION (0xc0000005) at pc=0x00007ffdffd5871f]

Registers:
RAX=0x000001df3cbf65b0, RBX=0x000001df3cc236b0, RCX=0x0000000000000014, RDX=0x0000000000000000
RSP=0x000000506e2ff210, RBP=0x000001df3cc10580, RSI=0x0000000800309a80, RDI=0x00000000cab58fd8
R8 =0x00000000cab58fd8, R9 =0x0000000000000000, R10=0x00000008003099b8, R11=0x346dc5d63886594b
R12=0x000001df3cc237f0, R13=0x0000000000000000, R14=0x0000000800309a88, R15=0x0000000000000000
RIP=0x00007ffdffd58e5e, EFLAGS=0x0000000000010202

Top of Stack: (sp=0x000000506e2ff210)
0x000000506e2ff210:   01d5873b645deee3 00007ffdffd58e93
0x000000506e2ff220:   000000000002625a 00000000008583b0
0x000000506e2ff230:   00000000823a52f8 00000000cab58fd8
0x000000506e2ff240:   000000506e2ff3f0 00007ffdffd58bcf
0x000000506e2ff250:   000001df3cc236b0 0000000800309a80
0x000000506e2ff260:   0000000800309a88 000001df3cc22b90
0x000000506e2ff270:   00000000823a5344 00007ffdffd505ed
0x000000506e2ff280:   000000000000000a 00000000823a5340
0x000000506e2ff290:   00000000823a52f8 0000000083a642f8
0x000000506e2ff2a0:   000000506e2ff3b0 000001df3cc22b90
0x000000506e2ff2b0:   0000000800309628 00007ffdffd501a1
0x000000506e2ff2c0:   000000000000000a 000000506e2ff3f0
0x000000506e2ff2d0:   00000000823a52f8 000001df3cc236b0
0x000000506e2ff2e0:   000001df3cc236b0 00007ffdffd61939
0x000000506e2ff2f0:   00000000823a52f8 0000000000000000
0x000000506e2ff300:   0000000000000040 000001df3cc22b90 

Instructions: (pc=0x00007ffdffd58e5e)
0x00007ffdffd58d5e:   48 0b c7 48 3b c3 75 da 40 32 ed 4c 8b 74 24 58
0x00007ffdffd58d6e:   40 0f b6 c5 48 8b 6c 24 48 48 8b 7c 24 50 48 8b
0x00007ffdffd58d7e:   5c 24 40 48 83 c4 20 41 5f 41 5c 5e c3 80 3d 2f
0x00007ffdffd58d8e:   9f 79 00 00 40 b5 01 74 15 8b 56 08 8b 0d 40 41
0x00007ffdffd58d9e:   71 00 48 d3 e2 48 03 15 2e 41 71 00 eb 04 48 8b
0x00007ffdffd58dae:   56 08 48 8b ce e8 18 c4 ea ff 8b 0d ca a7 79 00
0x00007ffdffd58dbe:   4c 63 f0 49 8b 87 10 03 00 00 4a 8b 1c e0 48 8b
0x00007ffdffd58dce:   43 18 8b 7b 68 48 8b 40 10 48 2b f0 48 d3 ee 8b
0x00007ffdffd58dde:   f6 48 23 fe 48 c1 e7 04 48 03 7b 48 8b 07 3b c6
0x00007ffdffd58dee:   74 30 48 8b 4f 08 48 85 c9 74 10 8b d0 48 8b 43
0x00007ffdffd58dfe:   38 48 8d 14 d0 ff 15 bf ec 72 00 48 c7 47 08 00
0x00007ffdffd58e0e:   00 00 00 89 37 48 ff 43 60 4c 01 77 08 e9 49 ff
0x00007ffdffd58e1e:   ff ff 48 ff 43 58 4c 01 77 08 e9 3c ff ff ff cc
0x00007ffdffd58e2e:   cc cc 40 55 57 41 57 48 83 ec 20 48 8b 41 08 48
0x00007ffdffd58e3e:   8b e9 4d 8b c8 44 8b fa 49 8b f8 48 8b 80 f8 00
0x00007ffdffd58e4e:   00 00 8b 48 68 48 8b 40 58 49 d3 e9 4e 8b 0c c8
0x00007ffdffd58e5e:   4d 3b 81 60 01 00 00 72 0b 32 c0 48 83 c4 20 41
0x00007ffdffd58e6e:   5f 5f 5d c3 48 89 5c 24 40 48 8b d7 48 8b 9d a0
0x00007ffdffd58e7e:   00 00 00 48 89 74 24 48 48 8b cb 4c 89 74 24 50
0x00007ffdffd58e8e:   48 8b 03 ff 10 8b 4b 18 48 8b d7 48 2b 53 08 be
0x00007ffdffd58e9e:   01 00 00 00 48 8b 43 20 48 c1 ea 03 48 d3 ea 48
0x00007ffdffd58eae:   8b ca 48 c1 e9 06 48 8b 1c c8 4c 8d 34 c8 0f b6
0x00007ffdffd58ebe:   ca 48 8b c3 80 e1 3f 48 d3 e6 48 0b c6 48 3b c3
0x00007ffdffd58ece:   74 26 4c 8b 0d e1 eb 72 00 4c 8b c3 49 8b d6 48
0x00007ffdffd58ede:   8b c8 41 ff d1 48 8b c8 48 3b c3 74 2a 48 8b d8
0x00007ffdffd58eee:   48 0b c6 48 3b c3 75 da 40 32 f6 4c 8b 74 24 50
0x00007ffdffd58efe:   40 0f b6 c6 48 8b 74 24 48 48 8b 5c 24 40 48 83
0x00007ffdffd58f0e:   c4 20 41 5f 5f 5d c3 80 3d a5 9d 79 00 00 40 b6
0x00007ffdffd58f1e:   01 74 15 8b 57 08 8b 0d b6 3f 71 00 48 d3 e2 48
0x00007ffdffd58f2e:   03 15 a4 3f 71 00 eb 04 48 8b 57 08 48 8b cf e8
0x00007ffdffd58f3e:   8e c2 ea ff 8b 0d 40 a6 79 00 4c 63 f0 48 8b 85
0x00007ffdffd58f4e:   10 03 00 00 4a 8b 1c f8 48 8b 43 18 48 8b 40 10 


Stack slot to memory mapping:
stack at sp + 0 slots: 0x01d5873b645deee3 is an unknown value
stack at sp + 1 slots: 0x00007ffdffd58e93 jvm.dll
stack at sp + 2 slots: 0x000000000002625a is an unknown value
stack at sp + 3 slots: 0x00000000008583b0 is an unknown value
stack at sp + 4 slots: 0x00000000823a52f8 is an oop: java.lang.reflect.Constructor 
{0x00000000823a52f8} - klass: 'java/lang/reflect/Constructor'
stack at sp + 5 slots: 
[error occurred during error reporting (inspecting top of stack), id 0xc0000005, EXCEPTION_ACCESS_VIOLATION (0xc0000005) at pc=0x00007ffdffd5871f]


---------------  P R O C E S S  ---------------

Threads class SMR info:
_java_thread_list=0x000001df5f147f60, length=31, elements={
0x000001df5d1b9000, 0x000001df5d1ba800, 0x000001df5d1d3800, 0x000001df5d1d8000,
0x000001df5d1da000, 0x000001df5d1db800, 0x000001df5d199800, 0x000001df5df15800,
0x000001df5df16000, 0x000001df5e0ac000, 0x000001df5f9d0000, 0x000001df5f98d800,
0x000001df5f98e000, 0x000001df5f997000, 0x000001df5f135800, 0x000001df6197a000,
0x000001df61974800, 0x000001df61979000, 0x000001df61975000, 0x000001df6197b000,
0x000001df61978800, 0x000001df61976000, 0x000001df61976800, 0x000001df61977800,
0x000001df61c57800, 0x000001df61c5a800, 0x000001df61c5c000, 0x000001df61c5e000,
0x000001df61c5b800, 0x000001df61c5d000, 0x000001df61c59800
}

Java Threads: ( => current thread )
  0x000001df5d1b9000 JavaThread "Reference Handler" daemon [_thread_blocked, id=8848, stack(0x000000506e600000,0x000000506e700000)]
  0x000001df5d1ba800 JavaThread "Finalizer" daemon [_thread_blocked, id=8840, stack(0x000000506e700000,0x000000506e800000)]
  0x000001df5d1d3800 JavaThread "Signal Dispatcher" daemon [_thread_blocked, id=9524, stack(0x000000506e800000,0x000000506e900000)]
  0x000001df5d1d8000 JavaThread "Attach Listener" daemon [_thread_blocked, id=5928, stack(0x000000506e900000,0x000000506ea00000)]
  0x000001df5d1da000 JavaThread "C1 CompilerThread0" daemon [_thread_blocked, id=9092, stack(0x000000506ea00000,0x000000506eb00000)]
  0x000001df5d1db800 JavaThread "Sweeper thread" daemon [_thread_blocked, id=7444, stack(0x000000506eb00000,0x000000506ec00000)]
  0x000001df5d199800 JavaThread "Common-Cleaner" daemon [_thread_blocked, id=3700, stack(0x000000506ec00000,0x000000506ed00000)]
  0x000001df5df15800 JavaThread "Monitor Ctrl-Break" daemon [_thread_in_native, id=7088, stack(0x000000506ed00000,0x000000506ee00000)]
  0x000001df5df16000 JavaThread "Service Thread" daemon [_thread_blocked, id=13184, stack(0x000000506ee00000,0x000000506ef00000)]
  0x000001df5e0ac000 JavaThread "RMI TCP Accept-0" daemon [_thread_in_native, id=7532, stack(0x000000506ef00000,0x000000506f000000)]
  0x000001df5f9d0000 JavaThread "Catalina-utility-1" [_thread_blocked, id=10940, stack(0x000000506f600000,0x000000506f700000)]
  0x000001df5f98d800 JavaThread "Catalina-utility-2" [_thread_blocked, id=9868, stack(0x000000506f800000,0x000000506f900000)]
  0x000001df5f98e000 JavaThread "container-0" [_thread_blocked, id=8992, stack(0x000000506f900000,0x000000506fa00000)]
  0x000001df5f997000 JavaThread "mysql-cj-abandoned-connection-cleanup" daemon [_thread_blocked, id=1316, stack(0x000000506fa00000,0x000000506fb00000)]
  0x000001df5f135800 JavaThread "HikariPool-1 housekeeper" daemon [_thread_blocked, id=13236, stack(0x000000506fd00000,0x000000506fe00000)]
  0x000001df6197a000 JavaThread "Live Reload Server" daemon [_thread_in_native, id=9004, stack(0x0000005070000000,0x0000005070100000)]
  0x000001df61974800 JavaThread "File Watcher" daemon [_thread_blocked, id=3480, stack(0x000000506ff00000,0x0000005070000000)]
  0x000001df61979000 JavaThread "http-nio-8081-BlockPoller" daemon [_thread_in_native, id=7364, stack(0x0000005070100000,0x0000005070200000)]
  0x000001df61975000 JavaThread "http-nio-8081-exec-1" daemon [_thread_blocked, id=12388, stack(0x0000005070200000,0x0000005070300000)]
  0x000001df6197b000 JavaThread "http-nio-8081-exec-2" daemon [_thread_blocked, id=11984, stack(0x0000005070300000,0x0000005070400000)]
  0x000001df61978800 JavaThread "http-nio-8081-exec-3" daemon [_thread_blocked, id=6348, stack(0x0000005070400000,0x0000005070500000)]
  0x000001df61976000 JavaThread "http-nio-8081-exec-4" daemon [_thread_blocked, id=7544, stack(0x0000005070500000,0x0000005070600000)]
  0x000001df61976800 JavaThread "http-nio-8081-exec-5" daemon [_thread_blocked, id=7540, stack(0x0000005070600000,0x0000005070700000)]
  0x000001df61977800 JavaThread "http-nio-8081-exec-6" daemon [_thread_blocked, id=6236, stack(0x0000005070700000,0x0000005070800000)]
  0x000001df61c57800 JavaThread "http-nio-8081-exec-7" daemon [_thread_blocked, id=3136, stack(0x0000005070800000,0x0000005070900000)]
  0x000001df61c5a800 JavaThread "http-nio-8081-exec-8" daemon [_thread_blocked, id=6268, stack(0x0000005070900000,0x0000005070a00000)]
  0x000001df61c5c000 JavaThread "http-nio-8081-exec-9" daemon [_thread_blocked, id=6264, stack(0x0000005070a00000,0x0000005070b00000)]
  0x000001df61c5e000 JavaThread "http-nio-8081-exec-10" daemon [_thread_blocked, id=9044, stack(0x0000005070b00000,0x0000005070c00000)]
  0x000001df61c5b800 JavaThread "http-nio-8081-ClientPoller" daemon [_thread_in_native, id=1216, stack(0x0000005070c00000,0x0000005070d00000)]
  0x000001df61c5d000 JavaThread "http-nio-8081-Acceptor" daemon [_thread_in_native, id=8160, stack(0x0000005070d00000,0x0000005070e00000)]
  0x000001df61c59800 JavaThread "DestroyJavaVM" [_thread_blocked, id=2604, stack(0x000000506df00000,0x000000506e000000)]

Other Threads:
  0x000001df5d1b0800 VMThread "VM Thread" [stack: 0x000000506e500000,0x000000506e600000] [id=9088]
  0x000001df5e09f800 WatcherThread [stack: 0x000000506f000000,0x000000506f100000] [id=13284]
  0x000001df3cc0e800 GCTaskThread "GC Thread#0" [stack: 0x000000506e000000,0x000000506e100000] [id=2724]
  0x000001df5e183800 GCTaskThread "GC Thread#1" [stack: 0x000000506f100000,0x000000506f200000] [id=2332]
  0x000001df5e198800 GCTaskThread "GC Thread#2" [stack: 0x000000506f200000,0x000000506f300000] [id=12904]
  0x000001df5e5c5800 GCTaskThread "GC Thread#3" [stack: 0x000000506f700000,0x000000506f800000] [id=9948]
  0x000001df3cc21000 ConcurrentGCThread "G1 Main Marker" [stack: 0x000000506e100000,0x000000506e200000] [id=6656]
=>0x000001df3cc22800 ConcurrentGCThread "G1 Conc#0" [stack: 0x000000506e200000,0x000000506e300000] [id=5876]
  0x000001df3cc8c800 ConcurrentGCThread "G1 Refine#0" [stack: 0x000000506e300000,0x000000506e400000] [id=5804]
  0x000001df5dd6b000 ConcurrentGCThread "G1 Refine#1" [stack: 0x000000506f300000,0x000000506f400000] [id=10584]
  0x000001df5d030800 ConcurrentGCThread "G1 Young RemSet Sampling" [stack: 0x000000506e400000,0x000000506e500000] [id=8176]

Threads with active compile tasks:

VM state:not at safepoint (normal execution)

VM Mutex/Monitor currently owned by a thread: None

Heap address: 0x0000000081a00000, size: 2022 MB, Compressed Oops mode: 32-bit
Narrow klass base: 0x0000000800000000, Narrow klass shift: 3
Compressed class space size: 1073741824 Address: 0x0000000800b40000

Heap:
 garbage-first heap   total 89088K, used 42749K [0x0000000081a00000, 0x0000000100000000)
  region size 1024K, 3 young (3072K), 2 survivors (2048K)
 Metaspace       used 61637K, capacity 63118K, committed 63616K, reserved 1103872K
  class space    used 8369K, capacity 8933K, committed 9088K, reserved 1048576K
Heap Regions: E=young(eden), S=young(survivor), O=old, HS=humongous(starts), HC=humongous(continues), CS=collection set, F=free, A=archive, TAMS=top-at-mark-start (previous, next)
|   0|0x0000000081a00000, 0x0000000081b00000, 0x0000000081b00000|100%|HS|  |TAMS 0x0000000081b00000, 0x0000000081b00000| Complete 
|   1|0x0000000081b00000, 0x0000000081c00000, 0x0000000081c00000|100%| O|  |TAMS 0x0000000081c00000, 0x0000000081c00000| Untracked 
|   2|0x0000000081c00000, 0x0000000081d00000, 0x0000000081d00000|100%| O|  |TAMS 0x0000000081d00000, 0x0000000081d00000| Untracked 
|   3|0x0000000081d00000, 0x0000000081e00000, 0x0000000081e00000|100%| O|  |TAMS 0x0000000081e00000, 0x0000000081e00000| Untracked 
|   4|0x0000000081e00000, 0x0000000081f00000, 0x0000000081f00000|100%| O|  |TAMS 0x0000000081f00000, 0x0000000081f00000| Untracked 
|   5|0x0000000081f00000, 0x0000000082000000, 0x0000000082000000|100%| O|  |TAMS 0x0000000082000000, 0x0000000082000000| Untracked 
|   6|0x0000000082000000, 0x0000000082100000, 0x0000000082100000|100%| O|  |TAMS 0x0000000082100000, 0x0000000082100000| Untracked 
|   7|0x0000000082100000, 0x0000000082200000, 0x0000000082200000|100%| O|  |TAMS 0x0000000082200000, 0x0000000082200000| Untracked 
|   8|0x0000000082200000, 0x0000000082300000, 0x0000000082300000|100%| O|  |TAMS 0x0000000082300000, 0x0000000082300000| Untracked 
|   9|0x0000000082300000, 0x0000000082400000, 0x0000000082400000|100%| O|  |TAMS 0x0000000082400000, 0x0000000082400000| Untracked 
|  10|0x0000000082400000, 0x0000000082500000, 0x0000000082500000|100%| O|  |TAMS 0x0000000082400000, 0x0000000082400000| Untracked 
|  11|0x0000000082500000, 0x0000000082600000, 0x0000000082600000|100%| O|  |TAMS 0x0000000082500000, 0x0000000082500000| Untracked 
|  12|0x0000000082600000, 0x0000000082700000, 0x0000000082700000|100%| O|  |TAMS 0x0000000082700000, 0x0000000082700000| Untracked 
|  13|0x0000000082700000, 0x0000000082800000, 0x0000000082800000|100%| O|  |TAMS 0x0000000082800000, 0x0000000082800000| Untracked 
|  14|0x0000000082800000, 0x0000000082900000, 0x0000000082900000|100%| O|  |TAMS 0x0000000082800000, 0x0000000082800000| Untracked 
|  15|0x0000000082900000, 0x0000000082920200, 0x0000000082a00000| 12%| O|  |TAMS 0x0000000082900000, 0x0000000082900000| Untracked 
|  16|0x0000000082a00000, 0x0000000082b00000, 0x0000000082b00000|100%| O|  |TAMS 0x0000000082b00000, 0x0000000082b00000| Untracked 
|  17|0x0000000082b00000, 0x0000000082c00000, 0x0000000082c00000|100%| O|  |TAMS 0x0000000082c00000, 0x0000000082c00000| Untracked 
|  18|0x0000000082c00000, 0x0000000082d00000, 0x0000000082d00000|100%| O|  |TAMS 0x0000000082d00000, 0x0000000082d00000| Untracked 
|  19|0x0000000082d00000, 0x0000000082e00000, 0x0000000082e00000|100%| O|  |TAMS 0x0000000082e00000, 0x0000000082e00000| Untracked 
|  20|0x0000000082e00000, 0x0000000082e00000, 0x0000000082f00000|  0%| F|  |TAMS 0x0000000082e00000, 0x0000000082e00000| Untracked 
|  21|0x0000000082f00000, 0x0000000082f00000, 0x0000000083000000|  0%| F|  |TAMS 0x0000000082f00000, 0x0000000082f00000| Untracked 
|  22|0x0000000083000000, 0x0000000083100000, 0x0000000083100000|100%| O|  |TAMS 0x0000000083100000, 0x0000000083100000| Untracked 
|  23|0x0000000083100000, 0x0000000083200000, 0x0000000083200000|100%| O|  |TAMS 0x0000000083200000, 0x0000000083200000| Untracked 
|  24|0x0000000083200000, 0x0000000083300000, 0x0000000083300000|100%| O|  |TAMS 0x0000000083300000, 0x0000000083300000| Untracked 
|  25|0x0000000083300000, 0x0000000083400000, 0x0000000083400000|100%| O|  |TAMS 0x0000000083400000, 0x0000000083400000| Untracked 
|  26|0x0000000083400000, 0x0000000083500000, 0x0000000083500000|100%| O|  |TAMS 0x0000000083500000, 0x0000000083500000| Untracked 
|  27|0x0000000083500000, 0x0000000083600000, 0x0000000083600000|100%| O|  |TAMS 0x0000000083600000, 0x0000000083600000| Untracked 
|  28|0x0000000083600000, 0x0000000083700000, 0x0000000083700000|100%| O|  |TAMS 0x0000000083700000, 0x0000000083700000| Untracked 
|  29|0x0000000083700000, 0x0000000083700000, 0x0000000083800000|  0%| F|  |TAMS 0x0000000083700000, 0x0000000083700000| Untracked 
|  30|0x0000000083800000, 0x0000000083900000, 0x0000000083900000|100%| O|  |TAMS 0x0000000083900000, 0x0000000083900000| Untracked 
|  31|0x0000000083900000, 0x0000000083a00000, 0x0000000083a00000|100%| O|  |TAMS 0x0000000083a00000, 0x0000000083a00000| Untracked 
|  32|0x0000000083a00000, 0x0000000083b00000, 0x0000000083b00000|100%| O|  |TAMS 0x0000000083b00000, 0x0000000083b00000| Untracked 
|  33|0x0000000083b00000, 0x0000000083c00000, 0x0000000083c00000|100%| O|  |TAMS 0x0000000083c00000, 0x0000000083c00000| Untracked 
|  34|0x0000000083c00000, 0x0000000083d00000, 0x0000000083d00000|100%| O|  |TAMS 0x0000000083d00000, 0x0000000083d00000| Untracked 
|  35|0x0000000083d00000, 0x0000000083e00000, 0x0000000083e00000|100%| O|  |TAMS 0x0000000083e00000, 0x0000000083e00000| Untracked 
|  36|0x0000000083e00000, 0x0000000083f00000, 0x0000000083f00000|100%| O|  |TAMS 0x0000000083f00000, 0x0000000083f00000| Untracked 
|  37|0x0000000083f00000, 0x0000000084000000, 0x0000000084000000|100%| O|  |TAMS 0x0000000084000000, 0x0000000084000000| Untracked 
|  38|0x0000000084000000, 0x0000000084100000, 0x0000000084100000|100%| O|  |TAMS 0x0000000084044a00, 0x0000000084044a00| Untracked 
|  39|0x0000000084100000, 0x0000000084100000, 0x0000000084200000|  0%| F|  |TAMS 0x0000000084100000, 0x0000000084100000| Untracked 
|  40|0x0000000084200000, 0x0000000084200000, 0x0000000084300000|  0%| F|  |TAMS 0x0000000084200000, 0x0000000084200000| Untracked 
|  41|0x0000000084300000, 0x0000000084300000, 0x0000000084400000|  0%| F|  |TAMS 0x0000000084300000, 0x0000000084300000| Untracked 
|  42|0x0000000084400000, 0x0000000084400000, 0x0000000084500000|  0%| F|  |TAMS 0x0000000084400000, 0x0000000084400000| Untracked 
|  43|0x0000000084500000, 0x0000000084500000, 0x0000000084600000|  0%| F|  |TAMS 0x0000000084500000, 0x0000000084500000| Untracked 
|  44|0x0000000084600000, 0x0000000084700000, 0x0000000084700000|100%| O|  |TAMS 0x0000000084700000, 0x0000000084700000| Untracked 
|  45|0x0000000084700000, 0x0000000084800000, 0x0000000084800000|100%| O|  |TAMS 0x0000000084800000, 0x0000000084800000| Untracked 
|  46|0x0000000084800000, 0x0000000084900000, 0x0000000084900000|100%| O|  |TAMS 0x0000000084900000, 0x0000000084900000| Untracked 
|  47|0x0000000084900000, 0x0000000084a00000, 0x0000000084a00000|100%| O|  |TAMS 0x0000000084a00000, 0x0000000084a00000| Untracked 
|  48|0x0000000084a00000, 0x0000000084a00000, 0x0000000084b00000|  0%| F|  |TAMS 0x0000000084a00000, 0x0000000084a00000| Untracked 
|  49|0x0000000084b00000, 0x0000000084c00000, 0x0000000084c00000|100%| O|  |TAMS 0x0000000084c00000, 0x0000000084c00000| Untracked 
|  50|0x0000000084c00000, 0x0000000084c00000, 0x0000000084d00000|  0%| F|  |TAMS 0x0000000084c00000, 0x0000000084c00000| Untracked 
|  51|0x0000000084d00000, 0x0000000084d00000, 0x0000000084e00000|  0%| F|  |TAMS 0x0000000084d00000, 0x0000000084d00000| Untracked 
|  52|0x0000000084e00000, 0x0000000084e00000, 0x0000000084f00000|  0%| F|  |TAMS 0x0000000084e00000, 0x0000000084e00000| Untracked 
|  53|0x0000000084f00000, 0x0000000084f00000, 0x0000000085000000|  0%| F|  |TAMS 0x0000000084f00000, 0x0000000084f00000| Untracked 
|  54|0x0000000085000000, 0x000000008509f578, 0x0000000085100000| 62%| S|CS|TAMS 0x0000000085000000, 0x0000000085000000| Complete 
|  55|0x0000000085100000, 0x0000000085200000, 0x0000000085200000|100%| S|CS|TAMS 0x0000000085100000, 0x0000000085100000| Complete 
|  56|0x0000000085200000, 0x0000000085200000, 0x0000000085300000|  0%| F|  |TAMS 0x0000000085200000, 0x0000000085200000| Untracked 
|  57|0x0000000085300000, 0x0000000085300000, 0x0000000085400000|  0%| F|  |TAMS 0x0000000085300000, 0x0000000085300000| Untracked 
|  58|0x0000000085400000, 0x0000000085400000, 0x0000000085500000|  0%| F|  |TAMS 0x0000000085400000, 0x0000000085400000| Untracked 
|  59|0x0000000085500000, 0x0000000085500000, 0x0000000085600000|  0%| F|  |TAMS 0x0000000085500000, 0x0000000085500000| Untracked 
|  60|0x0000000085600000, 0x0000000085600000, 0x0000000085700000|  0%| F|  |TAMS 0x0000000085600000, 0x0000000085600000| Untracked 
|  61|0x0000000085700000, 0x0000000085700000, 0x0000000085800000|  0%| F|  |TAMS 0x0000000085700000, 0x0000000085700000| Untracked 
|  62|0x0000000085800000, 0x0000000085800000, 0x0000000085900000|  0%| F|  |TAMS 0x0000000085800000, 0x0000000085800000| Untracked 
|  63|0x0000000085900000, 0x0000000085900000, 0x0000000085a00000|  0%| F|  |TAMS 0x0000000085900000, 0x0000000085900000| Untracked 
|  64|0x0000000085a00000, 0x0000000085a00000, 0x0000000085b00000|  0%| F|  |TAMS 0x0000000085a00000, 0x0000000085a00000| Untracked 
|  65|0x0000000085b00000, 0x0000000085b00000, 0x0000000085c00000|  0%| F|  |TAMS 0x0000000085b00000, 0x0000000085b00000| Untracked 
|  66|0x0000000085c00000, 0x0000000085c00000, 0x0000000085d00000|  0%| F|  |TAMS 0x0000000085c00000, 0x0000000085c00000| Untracked 
|  67|0x0000000085d00000, 0x0000000085d00000, 0x0000000085e00000|  0%| F|  |TAMS 0x0000000085d00000, 0x0000000085d00000| Untracked 
|  68|0x0000000085e00000, 0x0000000085e00000, 0x0000000085f00000|  0%| F|  |TAMS 0x0000000085e00000, 0x0000000085e00000| Untracked 
|  69|0x0000000085f00000, 0x0000000085f00000, 0x0000000086000000|  0%| F|  |TAMS 0x0000000085f00000, 0x0000000085f00000| Untracked 
|  70|0x0000000086000000, 0x0000000086000000, 0x0000000086100000|  0%| F|  |TAMS 0x0000000086000000, 0x0000000086000000| Untracked 
|  71|0x0000000086100000, 0x0000000086100000, 0x0000000086200000|  0%| F|  |TAMS 0x0000000086100000, 0x0000000086100000| Untracked 
|  72|0x0000000086200000, 0x0000000086200000, 0x0000000086300000|  0%| F|  |TAMS 0x0000000086200000, 0x0000000086200000| Untracked 
|  73|0x0000000086300000, 0x0000000086300000, 0x0000000086400000|  0%| F|  |TAMS 0x0000000086300000, 0x0000000086300000| Untracked 
|  74|0x0000000086400000, 0x0000000086400000, 0x0000000086500000|  0%| F|  |TAMS 0x0000000086400000, 0x0000000086400000| Untracked 
|  75|0x0000000086500000, 0x0000000086500000, 0x0000000086600000|  0%| F|  |TAMS 0x0000000086500000, 0x0000000086500000| Untracked 
|  76|0x0000000086600000, 0x0000000086600000, 0x0000000086700000|  0%| F|  |TAMS 0x0000000086600000, 0x0000000086600000| Untracked 
|  77|0x0000000086700000, 0x0000000086700000, 0x0000000086800000|  0%| F|  |TAMS 0x0000000086700000, 0x0000000086700000| Untracked 
|  78|0x0000000086800000, 0x0000000086800000, 0x0000000086900000|  0%| F|  |TAMS 0x0000000086800000, 0x0000000086800000| Untracked 
|  79|0x0000000086900000, 0x0000000086900000, 0x0000000086a00000|  0%| F|  |TAMS 0x0000000086900000, 0x0000000086900000| Untracked 
|  80|0x0000000086a00000, 0x0000000086a00000, 0x0000000086b00000|  0%| F|  |TAMS 0x0000000086a00000, 0x0000000086a00000| Untracked 
|  81|0x0000000086b00000, 0x0000000086b00000, 0x0000000086c00000|  0%| F|  |TAMS 0x0000000086b00000, 0x0000000086b00000| Untracked 
|  82|0x0000000086c00000, 0x0000000086c00000, 0x0000000086d00000|  0%| F|  |TAMS 0x0000000086c00000, 0x0000000086c00000| Untracked 
|  83|0x0000000086d00000, 0x0000000086d00000, 0x0000000086e00000|  0%| F|  |TAMS 0x0000000086d00000, 0x0000000086d00000| Untracked 
|  84|0x0000000086e00000, 0x0000000086e00000, 0x0000000086f00000|  0%| F|  |TAMS 0x0000000086e00000, 0x0000000086e00000| Untracked 
|  85|0x0000000086f00000, 0x0000000086f00000, 0x0000000087000000|  0%| F|  |TAMS 0x0000000086f00000, 0x0000000086f00000| Untracked 
| 127|0x0000000089900000, 0x00000000899779b0, 0x0000000089a00000| 46%| E|  |TAMS 0x0000000089900000, 0x0000000089900000| Complete 

Card table byte_map: [0x000001df56440000,0x000001df56840000] _byte_map_base: 0x000001df56033000

Marking Bits (Prev, Next): (CMBitMap*) 0x000001df3cc10598, (CMBitMap*) 0x000001df3cc105d8
 Prev Bits: [0x000001df56c40000, 0x000001df58bd8000)
 Next Bits: [0x000001df58be0000, 0x000001df5ab78000)

Polling page: 0x000001df3cc90000

Metaspace:

Usage:
  Non-class:     52.92 MB capacity,    52.02 MB ( 98%) used,   736.37 KB (  1%) free+waste,   179.94 KB ( <1%) overhead. 
      Class:      8.72 MB capacity,     8.17 MB ( 94%) used,   478.13 KB (  5%) free+waste,    85.81 KB ( <1%) overhead. 
       Both:     61.64 MB capacity,    60.19 MB ( 98%) used,     1.19 MB (  2%) free+waste,   265.75 KB ( <1%) overhead. 

Virtual space:
  Non-class space:       54.00 MB reserved,      53.25 MB ( 99%) committed 
      Class space:        1.00 GB reserved,       8.88 MB ( <1%) committed 
             Both:        1.05 GB reserved,      62.13 MB (  6%) committed 

Chunk freelists:
   Non-Class:  215.00 KB
       Class:  91.00 KB
        Both:  306.00 KB

MaxMetaspaceSize: 17179869184.00 GB
CompressedClassSpaceSize: 1.00 GB

CodeHeap 'non-profiled nmethods': size=238912Kb used=12123Kb max_used=12123Kb free=226788Kb
 bounds [0x000001df46f80000, 0x000001df47b60000, 0x000001df558d0000]
CodeHeap 'non-nmethods': size=6848Kb used=1357Kb max_used=1357Kb free=5490Kb
 bounds [0x000001df468d0000, 0x000001df46b40000, 0x000001df46f80000]
 total_blobs=7933 nmethods=6902 adapters=577
 compilation: enabled
              stopped_count=0, restarted_count=0
 full_count=0

Compilation events (20 events):
Event: 13678.950 Thread 0x000001df5d1da000 7001       1       org.springframework.boot.logging.logback.ColorConverter::transform (10 bytes)
Event: 13678.951 Thread 0x000001df5d1da000 nmethod 7001 0x000001df47b52410 code [0x000001df47b525c0, 0x000001df47b52770]
Event: 13678.958 Thread 0x000001df5d1da000 7002       1       java.security.GeneralSecurityException::<init> (6 bytes)
Event: 13678.958 Thread 0x000001df5d1da000 nmethod 7002 0x000001df47b52810 code [0x000001df47b529c0, 0x000001df47b52b10]
Event: 13679.040 Thread 0x000001df5d1da000 7003       1       javax.crypto.Cipher::doFinal (19 bytes)
Event: 13679.040 Thread 0x000001df5d1da000 nmethod 7003 0x000001df47b52b90 code [0x000001df47b52d60, 0x000001df47b52f30]
Event: 13679.095 Thread 0x000001df5d1da000 7004       1       java.math.BigInteger::testBit (38 bytes)
Event: 13679.095 Thread 0x000001df5d1da000 nmethod 7004 0x000001df47b53010 code [0x000001df47b531c0, 0x000001df47b53420]
Event: 13679.250 Thread 0x000001df5d1da000 7005       1       sun.util.PreHashedMap::get (67 bytes)
Event: 13679.251 Thread 0x000001df5d1da000 nmethod 7005 0x000001df47b53510 code [0x000001df47b536e0, 0x000001df47b53a40]
Event: 13679.266 Thread 0x000001df5d1da000 7007   !   1       sun.security.provider.HashDrbg::hashGen (143 bytes)
Event: 13679.267 Thread 0x000001df5d1da000 nmethod 7007 0x000001df47b53c10 code [0x000001df47b53e40, 0x000001df47b545c0]
Event: 13679.267 Thread 0x000001df5d1da000 7006  s    1       sun.security.provider.HashDrbg::generateAlgorithm (188 bytes)
Event: 13679.268 Thread 0x000001df5d1da000 nmethod 7006 0x000001df47b54a10 code [0x000001df47b54ca0, 0x000001df47b558c0]
Event: 13679.796 Thread 0x000001df5d1da000 7008       1       java.lang.RuntimeException::<init> (6 bytes)
Event: 13679.796 Thread 0x000001df5d1da000 nmethod 7008 0x000001df47b55e10 code [0x000001df47b55fc0, 0x000001df47b56110]
Event: 13679.800 Thread 0x000001df5d1da000 7009       1       java.net.InetSocketAddress::getAddress (8 bytes)
Event: 13679.800 Thread 0x000001df5d1da000 nmethod 7009 0x000001df47b56190 code [0x000001df47b56320, 0x000001df47b56458]
Event: 13679.813 Thread 0x000001df5d1da000 7010       1       sun.security.ssl.SSLAlgorithmConstraints$SupportedSignatureAlgorithmConstraints::permits (129 bytes)
Event: 13679.814 Thread 0x000001df5d1da000 nmethod 7010 0x000001df47b56510 code [0x000001df47b56720, 0x000001df47b56ba0]

GC Heap History (20 events):
Event: 7621.954 GC heap before
{Heap before GC invocations=52 (full 0):
 garbage-first heap   total 89088K, used 72201K [0x0000000081a00000, 0x0000000100000000)
  region size 1024K, 36 young (36864K), 4 survivors (4096K)
 Metaspace       used 61637K, capacity 63118K, committed 63616K, reserved 1103872K
  class space    used 8369K, capacity 8933K, committed 9088K, reserved 1048576K
}
Event: 7621.958 GC heap after
{Heap after GC invocations=53 (full 0):
 garbage-first heap   total 89088K, used 39569K [0x0000000081a00000, 0x0000000100000000)
  region size 1024K, 1 young (1024K), 1 survivors (1024K)
 Metaspace       used 61637K, capacity 63118K, committed 63616K, reserved 1103872K
  class space    used 8369K, capacity 8933K, committed 9088K, reserved 1048576K
}
Event: 8098.701 GC heap before
{Heap before GC invocations=54 (full 0):
 garbage-first heap   total 89088K, used 73361K [0x0000000081a00000, 0x0000000100000000)
  region size 1024K, 34 young (34816K), 1 survivors (1024K)
 Metaspace       used 61637K, capacity 63118K, committed 63616K, reserved 1103872K
  class space    used 8369K, capacity 8933K, committed 9088K, reserved 1048576K
}
Event: 8098.703 GC heap after
{Heap after GC invocations=55 (full 0):
 garbage-first heap   total 89088K, used 39562K [0x0000000081a00000, 0x0000000100000000)
  region size 1024K, 1 young (1024K), 1 survivors (1024K)
 Metaspace       used 61637K, capacity 63118K, committed 63616K, reserved 1103872K
  class space    used 8369K, capacity 8933K, committed 9088K, reserved 1048576K
}
Event: 8588.583 GC heap before
{Heap before GC invocations=55 (full 0):
 garbage-first heap   total 89088K, used 74378K [0x0000000081a00000, 0x0000000100000000)
  region size 1024K, 35 young (35840K), 1 survivors (1024K)
 Metaspace       used 61637K, capacity 63118K, committed 63616K, reserved 1103872K
  class space    used 8369K, capacity 8933K, committed 9088K, reserved 1048576K
}
Event: 8588.584 GC heap after
{Heap after GC invocations=56 (full 0):
 garbage-first heap   total 89088K, used 39576K [0x0000000081a00000, 0x0000000100000000)
  region size 1024K, 1 young (1024K), 1 survivors (1024K)
 Metaspace       used 61637K, capacity 63118K, committed 63616K, reserved 1103872K
  class space    used 8369K, capacity 8933K, committed 9088K, reserved 1048576K
}
Event: 8942.443 GC heap before
{Heap before GC invocations=57 (full 0):
 garbage-first heap   total 89088K, used 73368K [0x0000000081a00000, 0x0000000100000000)
  region size 1024K, 35 young (35840K), 1 survivors (1024K)
 Metaspace       used 61637K, capacity 63118K, committed 63616K, reserved 1103872K
  class space    used 8369K, capacity 8933K, committed 9088K, reserved 1048576K
}
Event: 8942.445 GC heap after
{Heap after GC invocations=58 (full 0):
 garbage-first heap   total 89088K, used 42149K [0x0000000081a00000, 0x0000000100000000)
  region size 1024K, 3 young (3072K), 3 survivors (3072K)
 Metaspace       used 61637K, capacity 63118K, committed 63616K, reserved 1103872K
  class space    used 8369K, capacity 8933K, committed 9088K, reserved 1048576K
}
Event: 8943.205 GC heap before
{Heap before GC invocations=58 (full 0):
 garbage-first heap   total 89088K, used 43173K [0x0000000081a00000, 0x0000000100000000)
  region size 1024K, 4 young (4096K), 3 survivors (3072K)
 Metaspace       used 61637K, capacity 63118K, committed 63616K, reserved 1103872K
  class space    used 8369K, capacity 8933K, committed 9088K, reserved 1048576K
}
Event: 8943.219 GC heap after
{Heap after GC invocations=59 (full 0):
 garbage-first heap   total 89088K, used 38250K [0x0000000081a00000, 0x0000000100000000)
  region size 1024K, 1 young (1024K), 1 survivors (1024K)
 Metaspace       used 61637K, capacity 63118K, committed 63616K, reserved 1103872K
  class space    used 8369K, capacity 8933K, committed 9088K, reserved 1048576K
}
Event: 9410.418 GC heap before
{Heap before GC invocations=59 (full 0):
 garbage-first heap   total 89088K, used 73066K [0x0000000081a00000, 0x0000000100000000)
  region size 1024K, 35 young (35840K), 1 survivors (1024K)
 Metaspace       used 61637K, capacity 63118K, committed 63616K, reserved 1103872K
  class space    used 8369K, capacity 8933K, committed 9088K, reserved 1048576K
}
Event: 9410.423 GC heap after
{Heap after GC invocations=60 (full 0):
 garbage-first heap   total 89088K, used 38794K [0x0000000081a00000, 0x0000000100000000)
  region size 1024K, 1 young (1024K), 1 survivors (1024K)
 Metaspace       used 61637K, capacity 63118K, committed 63616K, reserved 1103872K
  class space    used 8369K, capacity 8933K, committed 9088K, reserved 1048576K
}
Event: 9898.140 GC heap before
{Heap before GC invocations=61 (full 0):
 garbage-first heap   total 89088K, used 73610K [0x0000000081a00000, 0x0000000100000000)
  region size 1024K, 35 young (35840K), 1 survivors (1024K)
 Metaspace       used 61637K, capacity 63118K, committed 63616K, reserved 1103872K
  class space    used 8369K, capacity 8933K, committed 9088K, reserved 1048576K
}
Event: 9898.142 GC heap after
{Heap after GC invocations=62 (full 0):
 garbage-first heap   total 89088K, used 38786K [0x0000000081a00000, 0x0000000100000000)
  region size 1024K, 1 young (1024K), 1 survivors (1024K)
 Metaspace       used 61637K, capacity 63118K, committed 63616K, reserved 1103872K
  class space    used 8369K, capacity 8933K, committed 9088K, reserved 1048576K
}
Event: 10386.701 GC heap before
{Heap before GC invocations=62 (full 0):
 garbage-first heap   total 89088K, used 73602K [0x0000000081a00000, 0x0000000100000000)
  region size 1024K, 35 young (35840K), 1 survivors (1024K)
 Metaspace       used 61637K, capacity 63118K, committed 63616K, reserved 1103872K
  class space    used 8369K, capacity 8933K, committed 9088K, reserved 1048576K
}
Event: 10386.702 GC heap after
{Heap after GC invocations=63 (full 0):
 garbage-first heap   total 89088K, used 38804K [0x0000000081a00000, 0x0000000100000000)
  region size 1024K, 1 young (1024K), 1 survivors (1024K)
 Metaspace       used 61637K, capacity 63118K, committed 63616K, reserved 1103872K
  class space    used 8369K, capacity 8933K, committed 9088K, reserved 1048576K
}
Event: 13679.429 GC heap before
{Heap before GC invocations=64 (full 0):
 garbage-first heap   total 89088K, used 71572K [0x0000000081a00000, 0x0000000100000000)
  region size 1024K, 35 young (35840K), 1 survivors (1024K)
 Metaspace       used 61637K, capacity 63118K, committed 63616K, reserved 1103872K
  class space    used 8369K, capacity 8933K, committed 9088K, reserved 1048576K
}
Event: 13679.432 GC heap after
{Heap after GC invocations=65 (full 0):
 garbage-first heap   total 89088K, used 41366K [0x0000000081a00000, 0x0000000100000000)
  region size 1024K, 5 young (5120K), 5 survivors (5120K)
 Metaspace       used 61637K, capacity 63118K, committed 63616K, reserved 1103872K
  class space    used 8369K, capacity 8933K, committed 9088K, reserved 1048576K
}
Event: 14054.720 GC heap before
{Heap before GC invocations=65 (full 0):
 garbage-first heap   total 89088K, used 73110K [0x0000000081a00000, 0x0000000100000000)
  region size 1024K, 36 young (36864K), 5 survivors (5120K)
 Metaspace       used 61637K, capacity 63118K, committed 63616K, reserved 1103872K
  class space    used 8369K, capacity 8933K, committed 9088K, reserved 1048576K
}
Event: 14054.723 GC heap after
{Heap after GC invocations=66 (full 0):
 garbage-first heap   total 89088K, used 42749K [0x0000000081a00000, 0x0000000100000000)
  region size 1024K, 2 young (2048K), 2 survivors (2048K)
 Metaspace       used 61637K, capacity 63118K, committed 63616K, reserved 1103872K
  class space    used 8369K, capacity 8933K, committed 9088K, reserved 1048576K
}

Deoptimization events (8 events):
Event: 5.289 Thread 0x000001df5e445000 DEOPT PACKING pc=0x000001df47226c0c sp=0x000000506f5fcaf0
Event: 5.289 Thread 0x000001df5e445000 DEOPT UNPACKING pc=0x000001df4691964e sp=0x000000506f5fbff8 mode 0
Event: 9.716 Thread 0x000001df5e445000 DEOPT PACKING pc=0x000001df477dcefc sp=0x000000506f5faef0
Event: 9.716 Thread 0x000001df5e445000 DEOPT UNPACKING pc=0x000001df4691964e sp=0x000000506f5fa390 mode 0
Event: 10.331 Thread 0x000001df5e445000 DEOPT PACKING pc=0x000001df4724a003 sp=0x000000506f5fb830
Event: 10.331 Thread 0x000001df5e445000 DEOPT UNPACKING pc=0x000001df4691964e sp=0x000000506f5fad38 mode 3
Event: 2690.204 Thread 0x000001df61c57800 DEOPT PACKING pc=0x000001df470eb904 sp=0x00000050708fb5e0
Event: 2690.205 Thread 0x000001df61c57800 DEOPT UNPACKING pc=0x000001df4691964e sp=0x00000050708fab08 mode 0

Classes unloaded (20 events):
Event: 3709.913 Thread 0x000001df5d1b0800 Unloading class 0x0000000800bd0440 'jdk/internal/reflect/GeneratedSerializationConstructorAccessor2'
Event: 3709.913 Thread 0x000001df5d1b0800 Unloading class 0x0000000800bd0040 'jdk/internal/reflect/GeneratedSerializationConstructorAccessor1'
Event: 3709.913 Thread 0x000001df5d1b0800 Unloading class 0x0000000800bbf840 'java/lang/invoke/LambdaForm$DMH'
Event: 3709.913 Thread 0x000001df5d1b0800 Unloading class 0x0000000800bb8c40 'java/lang/invoke/LambdaForm$DMH'
Event: 3709.913 Thread 0x000001df5d1b0800 Unloading class 0x0000000800bb2c40 'jdk/internal/reflect/GeneratedConstructorAccessor1'
Event: 3709.913 Thread 0x000001df5d1b0800 Unloading class 0x0000000800bb0840 'java/lang/invoke/LambdaForm$MH'
Event: 3709.913 Thread 0x000001df5d1b0800 Unloading class 0x0000000800bb0440 'java/lang/invoke/LambdaForm$MH'
Event: 3709.913 Thread 0x000001df5d1b0800 Unloading class 0x0000000800bb0040 'java/lang/invoke/LambdaForm$MH'
Event: 3709.913 Thread 0x000001df5d1b0800 Unloading class 0x0000000800bafc40 'java/lang/invoke/LambdaForm$MH'
Event: 3709.913 Thread 0x000001df5d1b0800 Unloading class 0x0000000800baf840 'java/lang/invoke/LambdaForm$MH'
Event: 3709.913 Thread 0x000001df5d1b0800 Unloading class 0x0000000800baf440 'java/lang/invoke/LambdaForm$MH'
Event: 3709.913 Thread 0x000001df5d1b0800 Unloading class 0x0000000800bad040 'java/lang/invoke/LambdaForm$MH'
Event: 3709.913 Thread 0x000001df5d1b0800 Unloading class 0x0000000800bacc40 'java/lang/invoke/LambdaForm$MH'
Event: 3709.913 Thread 0x000001df5d1b0800 Unloading class 0x0000000800bac440 'java/lang/invoke/LambdaForm$MH'
Event: 3709.913 Thread 0x000001df5d1b0800 Unloading class 0x0000000800bac040 'java/lang/invoke/LambdaForm$MH'
Event: 3709.913 Thread 0x000001df5d1b0800 Unloading class 0x0000000800bab440 'java/lang/invoke/LambdaForm$MH'
Event: 3709.913 Thread 0x000001df5d1b0800 Unloading class 0x0000000800baac40 'java/lang/invoke/LambdaForm$MH'
Event: 3709.913 Thread 0x000001df5d1b0800 Unloading class 0x0000000800baa840 'java/lang/invoke/LambdaForm$MH'
Event: 3709.913 Thread 0x000001df5d1b0800 Unloading class 0x0000000800baa040 'java/lang/invoke/LambdaForm$MH'
Event: 3709.913 Thread 0x000001df5d1b0800 Unloading class 0x0000000800ba9c40 'java/lang/invoke/LambdaForm$MH'

Classes redefined (0 events):
No events

Internal exceptions (20 events):
Event: 10.829 Thread 0x000001df5e445000 Exception <a 'java/lang/ClassNotFoundException'{0x0000000085bc36b0}: org/springframework/context/annotation/ConfigurationClassEnhancer$EnhancedConfigurationCustomizer> (0x0000000085bc36b0) 
thrown [t:/workspace/open/src/hotspot/share/classfile/systemDictionary.cpp, line 232]
Event: 10.830 Thread 0x000001df5e445000 Exception <a 'java/lang/ClassNotFoundException'{0x0000000085bd2b18}: org/springframework/beans/factory/BeanFactoryAwareCustomizer> (0x0000000085bd2b18) 
thrown [t:/workspace/open/src/hotspot/share/classfile/systemDictionary.cpp, line 232]
Event: 10.830 Thread 0x000001df5e445000 Exception <a 'java/lang/ClassNotFoundException'{0x0000000085be1b28}: org/springframework/beans/factory/AwareCustomizer> (0x0000000085be1b28) 
thrown [t:/workspace/open/src/hotspot/share/classfile/systemDictionary.cpp, line 232]
Event: 10.830 Thread 0x000001df5e445000 Exception <a 'java/lang/ClassNotFoundException'{0x0000000085bf1130}: org/springframework/context/annotation/ImportAwareCustomizer> (0x0000000085bf1130) 
thrown [t:/workspace/open/src/hotspot/share/classfile/systemDictionary.cpp, line 232]
Event: 10.831 Thread 0x000001df5e445000 Exception <a 'java/lang/ClassNotFoundException'{0x0000000085bff9e0}: org/springframework/beans/factory/AwareCustomizer> (0x0000000085bff9e0) 
thrown [t:/workspace/open/src/hotspot/share/classfile/systemDictionary.cpp, line 232]
Event: 10.831 Thread 0x000001df5e445000 Exception <a 'java/lang/ClassNotFoundException'{0x0000000085a0f610}: org/springframework/beans/factory/BeanClassLoaderAwareCustomizer> (0x0000000085a0f610) 
thrown [t:/workspace/open/src/hotspot/share/classfile/systemDictionary.cpp, line 232]
Event: 10.831 Thread 0x000001df5e445000 Exception <a 'java/lang/ClassNotFoundException'{0x0000000085a1ded0}: org/springframework/beans/factory/AwareCustomizer> (0x0000000085a1ded0) 
thrown [t:/workspace/open/src/hotspot/share/classfile/systemDictionary.cpp, line 232]
Event: 10.976 Thread 0x000001df5e445000 Exception <a 'java/lang/NoSuchMethodError'{0x0000000084bc10c8}: 'java.lang.Object java.lang.invoke.DirectMethodHandle$Holder.invokeInterface(java.lang.Object, java.lang.Object, java.lang.Object, java.lang.Object)'> (0x0000000084bc10c8) 
thrown [t:/workspace/open/src/hotspot/share/interpreter/linkResolver.cpp, line 767]
Event: 11.181 Thread 0x000001df5e445000 Exception <a 'java/lang/NoSuchMethodError'{0x0000000085f4a110}: 'void java.lang.invoke.DirectMethodHandle$Holder.invokeVirtual(java.lang.Object, java.lang.Object, int)'> (0x0000000085f4a110) 
thrown [t:/workspace/open/src/hotspot/share/interpreter/linkResolver.cpp, line 767]
Event: 66.683 Thread 0x000001df61975000 Exception <a 'java/io/IOException'{0x0000000089954a10}> (0x0000000089954a10) 
thrown [t:/workspace/open/src/hotspot/share/prims/jni.cpp, line 598]
Event: 1770.059 Thread 0x000001df61c59000 Exception <a 'java/net/SocketException'{0x000000008568ac68}: Connection reset by peer: shutdown> (0x000000008568ac68) 
thrown [t:/workspace/open/src/hotspot/share/prims/jni.cpp, line 619]
Event: 3526.008 Thread 0x000001df61c58000 Exception <a 'java/net/SocketException'{0x00000000868119b8}: Connection reset by peer: shutdown> (0x00000000868119b8) 
thrown [t:/workspace/open/src/hotspot/share/prims/jni.cpp, line 619]
Event: 3582.561 Thread 0x000001df61c58000 Exception <a 'java/net/SocketException'{0x0000000085bf5080}: Connection reset by peer: shutdown> (0x0000000085bf5080) 
thrown [t:/workspace/open/src/hotspot/share/prims/jni.cpp, line 619]
Event: 8880.160 Thread 0x000001df61c58000 Exception <a 'java/net/SocketException'{0x0000000085782e38}: Connection reset by peer: shutdown> (0x0000000085782e38) 
thrown [t:/workspace/open/src/hotspot/share/prims/jni.cpp, line 619]
Event: 8917.549 Thread 0x000001df61c58000 Exception <a 'java/net/SocketException'{0x0000000085486398}: Connection reset by peer: shutdown> (0x0000000085486398) 
thrown [t:/workspace/open/src/hotspot/share/prims/jni.cpp, line 619]
Event: 10623.666 Thread 0x000001df61c58000 Exception <a 'java/net/SocketException'{0x0000000086002e30}: Connection reset by peer: shutdown> (0x0000000086002e30) 
thrown [t:/workspace/open/src/hotspot/share/prims/jni.cpp, line 619]
Event: 13678.944 Thread 0x000001df61c58000 Exception <a 'java/net/SocketException'{0x0000000085401938}: Connection reset by peer: shutdown> (0x0000000085401938) 
thrown [t:/workspace/open/src/hotspot/share/prims/jni.cpp, line 619]
Event: 13678.954 Thread 0x000001df61c58000 Exception <a 'java/net/SocketException'{0x0000000085408000}: Connection reset by peer: shutdown> (0x0000000085408000) 
thrown [t:/workspace/open/src/hotspot/share/prims/jni.cpp, line 619]
Event: 13678.956 Thread 0x000001df61c58000 Exception <a 'java/net/SocketException'{0x00000000854091f8}: Connection reset by peer: shutdown> (0x00000000854091f8) 
thrown [t:/workspace/open/src/hotspot/share/prims/jni.cpp, line 619]
Event: 13678.956 Thread 0x000001df61c58000 Exception <a 'java/net/SocketException'{0x000000008540a3f0}: Connection reset by peer: shutdown> (0x000000008540a3f0) 
thrown [t:/workspace/open/src/hotspot/share/prims/jni.cpp, line 619]

Events (20 events):
Event: 13678.955 Executing VM operation: BulkRevokeBias
Event: 13678.955 Executing VM operation: BulkRevokeBias done
Event: 13678.955 Executing VM operation: BulkRevokeBias
Event: 13678.955 Executing VM operation: BulkRevokeBias done
Event: 13678.955 Executing VM operation: BulkRevokeBias
Event: 13678.956 Executing VM operation: BulkRevokeBias done
Event: 13678.957 Executing VM operation: RevokeBias
Event: 13678.957 Executing VM operation: RevokeBias done
Event: 13678.957 Executing VM operation: RevokeBias
Event: 13678.957 Executing VM operation: RevokeBias done
Event: 13679.429 Executing VM operation: G1CollectForAllocation
Event: 13679.432 Executing VM operation: G1CollectForAllocation done
Event: 13683.959 Executing VM operation: RevokeBias
Event: 13683.959 Executing VM operation: RevokeBias done
Event: 13683.959 Thread 0x000001df61c58000 Thread exited: 0x000001df61c58000
Event: 13684.923 Executing VM operation: RevokeBias
Event: 13684.924 Executing VM operation: RevokeBias done
Event: 13684.924 Thread 0x000001df61c5e800 Thread exited: 0x000001df61c5e800
Event: 14054.720 Executing VM operation: G1CollectForAllocation
Event: 14054.724 Executing VM operation: G1CollectForAllocation done


Dynamic libraries:
0x00007ff63fa40000 - 0x00007ff63fa4f000 	C:\Program Files\Java\jdk-13\bin\java.exe
0x00007ffe5b7c0000 - 0x00007ffe5b9b0000 	C:\WINDOWS\SYSTEM32\ntdll.dll
0x00007ffe5acf0000 - 0x00007ffe5ada2000 	C:\WINDOWS\System32\KERNEL32.DLL
0x00007ffe594e0000 - 0x00007ffe59783000 	C:\WINDOWS\System32\KERNELBASE.dll
0x00007ffe588d0000 - 0x00007ffe589ca000 	C:\WINDOWS\System32\ucrtbase.dll
0x00007ffe2b800000 - 0x00007ffe2b818000 	C:\Program Files\Java\jdk-13\bin\jli.dll
0x00007ffe5b250000 - 0x00007ffe5b2f3000 	C:\WINDOWS\System32\ADVAPI32.dll
0x00007ffe5af20000 - 0x00007ffe5afbe000 	C:\WINDOWS\System32\msvcrt.dll
0x00007ffe5adb0000 - 0x00007ffe5ae47000 	C:\WINDOWS\System32\sechost.dll
0x00007ffe5b300000 - 0x00007ffe5b420000 	C:\WINDOWS\System32\RPCRT4.dll
0x00007ffe599d0000 - 0x00007ffe59b64000 	C:\WINDOWS\System32\USER32.dll
0x00007ffe59840000 - 0x00007ffe59861000 	C:\WINDOWS\System32\win32u.dll
0x00007ffe59f90000 - 0x00007ffe59fb6000 	C:\WINDOWS\System32\GDI32.dll
0x00007ffe59340000 - 0x00007ffe594d4000 	C:\WINDOWS\System32\gdi32full.dll
0x00007ffe58800000 - 0x00007ffe5889e000 	C:\WINDOWS\System32\msvcp_win.dll
0x00007ffe2b820000 - 0x00007ffe2b835000 	C:\Program Files\Java\jdk-13\bin\VCRUNTIME140.dll
0x00007ffe57b30000 - 0x00007ffe57db5000 	C:\WINDOWS\WinSxS\amd64_microsoft.windows.common-controls_6595b64144ccf1df_6.0.18362.418_none_e6c6b287130d565d\COMCTL32.dll
0x00007ffe59c50000 - 0x00007ffe59f86000 	C:\WINDOWS\System32\combase.dll
0x00007ffe58b40000 - 0x00007ffe58bc0000 	C:\WINDOWS\System32\bcryptPrimitives.dll
0x00007ffe55d70000 - 0x00007ffe55d7a000 	C:\WINDOWS\SYSTEM32\VERSION.dll
0x00007ffe5b420000 - 0x00007ffe5b44e000 	C:\WINDOWS\System32\IMM32.DLL
0x00007ffe094c0000 - 0x00007ffe0955b000 	C:\Program Files\Java\jdk-13\bin\msvcp140.dll
0x00007ffdffa70000 - 0x00007ffe005d7000 	C:\Program Files\Java\jdk-13\bin\server\jvm.dll
0x00007ffe59b80000 - 0x00007ffe59b88000 	C:\WINDOWS\System32\PSAPI.DLL
0x00007ffe53c40000 - 0x00007ffe53c49000 	C:\WINDOWS\SYSTEM32\WSOCK32.dll
0x00007ffe5ae50000 - 0x00007ffe5aebf000 	C:\WINDOWS\System32\WS2_32.dll
0x00007ffe564d0000 - 0x00007ffe564f4000 	C:\WINDOWS\SYSTEM32\WINMM.dll
0x00007ffe54c00000 - 0x00007ffe54c2d000 	C:\WINDOWS\SYSTEM32\WINMMBASE.dll
0x00007ffe597f0000 - 0x00007ffe5983a000 	C:\WINDOWS\System32\cfgmgr32.dll
0x00007ffe586a0000 - 0x00007ffe586b1000 	C:\WINDOWS\System32\kernel.appcore.dll
0x00007ffe24180000 - 0x00007ffe24190000 	C:\Program Files\Java\jdk-13\bin\verify.dll
0x00007ffe58170000 - 0x00007ffe58364000 	C:\WINDOWS\SYSTEM32\DBGHELP.DLL
0x00007ffe57f20000 - 0x00007ffe57f4a000 	C:\WINDOWS\SYSTEM32\dbgcore.DLL
0x00007ffe09490000 - 0x00007ffe094b6000 	C:\Program Files\Java\jdk-13\bin\java.dll
0x00007ffe09420000 - 0x00007ffe0942e000 	C:\Program Files\Java\jdk-13\bin\instrument.dll
0x00007ffe09470000 - 0x00007ffe09487000 	C:\Program Files\Java\jdk-13\bin\zip.dll
0x00007ffe0b6e0000 - 0x00007ffe0b6ea000 	C:\Program Files\Java\jdk-13\bin\jimage.dll
0x00007ffe5a600000 - 0x00007ffe5ace5000 	C:\WINDOWS\System32\SHELL32.dll
0x00007ffe5b450000 - 0x00007ffe5b4f9000 	C:\WINDOWS\System32\shcore.dll
0x00007ffe58bc0000 - 0x00007ffe5933f000 	C:\WINDOWS\System32\windows.storage.dll
0x00007ffe58710000 - 0x00007ffe5872f000 	C:\WINDOWS\System32\profapi.dll
0x00007ffe586c0000 - 0x00007ffe5870a000 	C:\WINDOWS\System32\powrprof.dll
0x00007ffe58690000 - 0x00007ffe586a0000 	C:\WINDOWS\System32\UMPDC.dll
0x00007ffe5a0b0000 - 0x00007ffe5a102000 	C:\WINDOWS\System32\shlwapi.dll
0x00007ffe58b20000 - 0x00007ffe58b37000 	C:\WINDOWS\System32\cryptsp.dll
0x00007ffe09450000 - 0x00007ffe09469000 	C:\Program Files\Java\jdk-13\bin\net.dll
0x00007ffe4c3e0000 - 0x00007ffe4c4d0000 	C:\WINDOWS\SYSTEM32\WINHTTP.dll
0x00007ffe4aca0000 - 0x00007ffe4ae76000 	C:\WINDOWS\SYSTEM32\urlmon.dll
0x00007ffe4afa0000 - 0x00007ffe4b246000 	C:\WINDOWS\SYSTEM32\iertutil.dll
0x00007ffe57a50000 - 0x00007ffe57a5c000 	C:\WINDOWS\SYSTEM32\CRYPTBASE.DLL
0x00007ffe57880000 - 0x00007ffe578e7000 	C:\WINDOWS\system32\mswsock.dll
0x00007ffe09430000 - 0x00007ffe09443000 	C:\Program Files\Java\jdk-13\bin\nio.dll
0x00007ffe093a0000 - 0x00007ffe093ba000 	C:\Program Files\JetBrains\IntelliJ IDEA 2019.2.3\bin\breakgen64.dll
0x00007ffe575d0000 - 0x00007ffe5769a000 	C:\WINDOWS\SYSTEM32\DNSAPI.dll
0x00007ffe59b70000 - 0x00007ffe59b78000 	C:\WINDOWS\System32\NSI.dll
0x00007ffe57590000 - 0x00007ffe575ca000 	C:\WINDOWS\SYSTEM32\IPHLPAPI.DLL
0x00007ffe493b0000 - 0x00007ffe493ba000 	C:\Windows\System32\rasadhlp.dll
0x00007ffe4c980000 - 0x00007ffe4c9f7000 	C:\WINDOWS\System32\fwpuclnt.dll
0x00007ffe588a0000 - 0x00007ffe588c6000 	C:\WINDOWS\System32\bcrypt.dll
0x00007ffe09410000 - 0x00007ffe09419000 	C:\Program Files\Java\jdk-13\bin\management.dll
0x00007ffe09400000 - 0x00007ffe0940b000 	C:\Program Files\Java\jdk-13\bin\management_ext.dll
0x00007ffe573f0000 - 0x00007ffe57423000 	C:\WINDOWS\system32\rsaenh.dll
0x00007ffe585b0000 - 0x00007ffe585d5000 	C:\WINDOWS\SYSTEM32\USERENV.dll
0x00007ffe4dd80000 - 0x00007ffe4dd96000 	C:\WINDOWS\SYSTEM32\dhcpcsvc6.DLL
0x00007ffe4f920000 - 0x00007ffe4f93c000 	C:\WINDOWS\SYSTEM32\dhcpcsvc.DLL
0x00007ffe409e0000 - 0x00007ffe409f6000 	C:\WINDOWS\system32\napinsp.dll
0x00007ffe409c0000 - 0x00007ffe409da000 	C:\WINDOWS\system32\pnrpnsp.dll
0x00007ffe409b0000 - 0x00007ffe409be000 	C:\WINDOWS\System32\winrnr.dll
0x00007ffe56930000 - 0x00007ffe5694c000 	C:\WINDOWS\system32\NLAapi.dll
0x00007ffe53d00000 - 0x00007ffe53d15000 	C:\WINDOWS\system32\wshbth.dll
0x00007ffe09120000 - 0x00007ffe09145000 	C:\Program Files\Java\jdk-13\bin\sunec.dll
0x00007ffe09110000 - 0x00007ffe0911e000 	C:\Program Files\Java\jdk-13\bin\sunmscapi.dll
0x00007ffe589d0000 - 0x00007ffe58b19000 	C:\WINDOWS\System32\CRYPT32.dll
0x00007ffe58730000 - 0x00007ffe58742000 	C:\WINDOWS\System32\MSASN1.dll
0x00007ffe57e00000 - 0x00007ffe57e26000 	C:\WINDOWS\SYSTEM32\ncrypt.dll
0x00007ffe57dc0000 - 0x00007ffe57dfb000 	C:\WINDOWS\SYSTEM32\NTASN1.dll

dbghelp: loaded successfully - version: 4.0.5 - missing functions: none
symbol engine: initialized successfully - sym options: 0x614 - pdb path: .;C:\Program Files\Java\jdk-13\bin;C:\WINDOWS\SYSTEM32;C:\WINDOWS\WinSxS\amd64_microsoft.windows.common-controls_6595b64144ccf1df_6.0.18362.418_none_e6c6b287130d565d;C:\Program Files\Java\jdk-13\bin\server;C:\Program Files\JetBrains\IntelliJ IDEA 2019.2.3\bin

VM Arguments:
jvm_args: -XX:TieredStopAtLevel=1 -Xverify:none -Dspring.output.ansi.enabled=always -Dcom.sun.management.jmxremote -Dspring.jmx.enabled=true -Dspring.liveBeansView.mbeanDomain -Dspring.application.admin.enabled=true -javaagent:C:\Program Files\JetBrains\IntelliJ IDEA 2019.2.3\lib\idea_rt.jar=50200:C:\Program Files\JetBrains\IntelliJ IDEA 2019.2.3\bin -Dfile.encoding=UTF-8 
java_command: com.adminportal.AdminportalApplication
java_class_path (initial): C:\Users\marko\IdeaProjects\adminportal\target\classes;C:\Users\marko\.m2\repository\org\springframework\boot\spring-boot-starter-thymeleaf\2.1.9.RELEASE\spring-boot-starter-thymeleaf-2.1.9.RELEASE.jar;C:\Users\marko\.m2\repository\org\springframework\boot\spring-boot-starter\2.1.9.RELEASE\spring-boot-starter-2.1.9.RELEASE.jar;C:\Users\marko\.m2\repository\org\springframework\boot\spring-boot-starter-logging\2.1.9.RELEASE\spring-boot-starter-logging-2.1.9.RELEASE.jar;C:\Users\marko\.m2\repository\ch\qos\logback\logback-classic\1.2.3\logback-classic-1.2.3.jar;C:\Users\marko\.m2\repository\ch\qos\logback\logback-core\1.2.3\logback-core-1.2.3.jar;C:\Users\marko\.m2\repository\org\apache\logging\log4j\log4j-to-slf4j\2.11.2\log4j-to-slf4j-2.11.2.jar;C:\Users\marko\.m2\repository\org\apache\logging\log4j\log4j-api\2.11.2\log4j-api-2.11.2.jar;C:\Users\marko\.m2\repository\org\slf4j\jul-to-slf4j\1.7.28\jul-to-slf4j-1.7.28.jar;C:\Users\marko\.m2\repository\javax\annotation\javax.annotation-api\1.3.2\javax.annotation-api-1.3.2.jar;C:\Users\marko\.m2\repository\org\yaml\snakeyaml\1.23\snakeyaml-1.23.jar;C:\Users\marko\.m2\repository\org\thymeleaf\extras\thymeleaf-extras-java8time\3.0.4.RELEASE\thymeleaf-extras-java8time-3.0.4.RELEASE.jar;C:\Users\marko\.m2\repository\org\thymeleaf\thymeleaf\3.0.11.RELEASE\thymeleaf-3.0.11.RELEASE.jar;C:\Users\marko\.m2\repository\ognl\ognl\3.1.12\ognl-3.1.12.jar;C:\Users\marko\.m2\repository\org\javassist\javassist\3.20.0-GA\javassist-3.20.0-GA.jar;C:\Users\marko\.m2\repository\org\attoparser\attoparser\2.0.5.RELEASE\attoparser-2.0.5.RELEASE.jar;C:\Users\marko\.m2\repository\org\unbescape\unbescape\1.1.6.RELEASE\unbescape-1.1.6.RELEASE.jar;C:\Users\marko\.m2\repository\org\slf4j\slf4j-api\1.7.28\slf4j-api-1.7.28.jar;C:\Users\marko\.m2\repository\org\thymeleaf\thymeleaf-spring5\3.0.11.RELEASE\thymeleaf-spring5-3.0.11.RELEASE.jar;C:\Users\marko\.m2\repository\org\springframework\boot\spring-boot-starter-web\2.1.9.REL
Launcher Type: SUN_STANDARD

[Global flags]
     intx CICompilerCount                          = 3                                         {product} {ergonomic}
     uint ConcGCThreads                            = 1                                         {product} {ergonomic}
     uint G1ConcRefinementThreads                  = 4                                         {product} {ergonomic}
   size_t G1HeapRegionSize                         = 1048576                                   {product} {ergonomic}
    uintx GCDrainStackTargetSize                   = 64                                        {product} {ergonomic}
   size_t InitialHeapSize                          = 134217728                                 {product} {ergonomic}
     bool ManagementServer                         = true                                      {product} {command line}
   size_t MarkStackSize                            = 4194304                                   {product} {ergonomic}
   size_t MaxHeapSize                              = 2120220672                                {product} {ergonomic}
   size_t MaxNewSize                               = 1271922688                                {product} {ergonomic}
   size_t MinHeapDeltaBytes                        = 1048576                                   {product} {ergonomic}
   size_t MinHeapSize                              = 8388608                                   {product} {ergonomic}
    uintx NonNMethodCodeHeapSize                   = 6973028                                {pd product} {ergonomic}
    uintx NonProfiledCodeHeapSize                  = 244685212                              {pd product} {ergonomic}
    uintx ProfiledCodeHeapSize                     = 0                                      {pd product} {ergonomic}
    uintx ReservedCodeCacheSize                    = 251658240                              {pd product} {ergonomic}
     bool SegmentedCodeCache                       = true                                      {product} {ergonomic}
   size_t SoftMaxHeapSize                          = 2120220672                             {manageable} {ergonomic}
     intx TieredStopAtLevel                        = 1                                         {product} {command line}
     bool UseCompressedClassPointers               = true                                 {lp64_product} {ergonomic}
     bool UseCompressedOops                        = true                                 {lp64_product} {ergonomic}
     bool UseG1GC                                  = true                                      {product} {ergonomic}
     bool UseLargePagesIndividualAllocation        = false                                  {pd product} {ergonomic}

Logging:
Log output configuration:
 #0: stdout all=warning uptime,level,tags
 #1: stderr all=off uptime,level,tags

Environment Variables:
PATH=C:\Program Files (x86)\Common Files\Oracle\Java\javapath;C:\Windows\system32;C:\Windows;C:\Windows\System32\Wbem;C:\Windows\System32\WindowsPowerShell\v1.0\;C:\Windows\System32\OpenSSH\;C:\Program Files\NVIDIA Corporation\NVIDIA NvDLISR;C:\WINDOWS\system32;C:\WINDOWS;C:\WINDOWS\System32\Wbem;C:\WINDOWS\System32\WindowsPowerShell\v1.0\;C:\WINDOWS\System32\OpenSSH\;C:\Program Files (x86)\NVIDIA Corporation\PhysX\Common;C:\Program Files\Git\cmd;C:\Program Files\MySQL\MySQL Shell 8.0\bin\;C:\Users\marko\AppData\Local\GitHubDesktop\bin
USERNAME=marko
OS=Windows_NT
PROCESSOR_IDENTIFIER=Intel64 Family 6 Model 60 Stepping 3, GenuineIntel



---------------  S Y S T E M  ---------------

OS: Windows 10 , 64 bit Build 18362 (10.0.18362.329)

CPU:total 4 (initial active 4) (2 cores per cpu, 2 threads per core) family 6 model 60 stepping 3, cmov, cx8, fxsr, mmx, sse, sse2, sse3, ssse3, sse4.1, sse4.2, popcnt, avx, avx2, aes, clmul, erms, lzcnt, ht, tsc, tscinvbit, bmi1, bmi2, fma

Memory: 4k page, system-wide physical 8081M (1751M free)
TotalPageFile size 12689M (AvailPageFile size 2119M)
current process WorkingSet (physical memory assigned to process): 146M, peak: 226M
current process commit charge ("private bytes"): 265M, peak: 266M

vm_info: Java HotSpot(TM) 64-Bit Server VM (13-ea+33) for windows-amd64 JRE (13-ea+33), built on Aug  9 2019 06:01:49 by "mach5one" with unknown MS VC++:1916

END.
